2005.02.28 10:56 B C:\apache\htdocs\shareaware\navi-img\mezzogold.html --> shareaware.sh.ohost.de /navi-img mezzogold.html
2005.02.28 10:56 B C:\apache\htdocs\shareaware\navi-img\mezzogold_b1.gif --> shareaware.sh.ohost.de /navi-img mezzogold_b1.gif
2005.02.28 10:56 B C:\apache\htdocs\shareaware\navi-img\mezzogold_b1_over.gif --> shareaware.sh.ohost.de /navi-img mezzogold_b1_over.gif
2005.02.28 10:56 B C:\apache\htdocs\shareaware\navi-img\mezzogold_b2.gif --> shareaware.sh.ohost.de /navi-img mezzogold_b2.gif
2005.02.28 10:56 B C:\apache\htdocs\shareaware\navi-img\mezzogold_b2_over.gif --> shareaware.sh.ohost.de /navi-img mezzogold_b2_over.gif
2005.02.28 10:56 B C:\apache\htdocs\shareaware\navi-img\mezzogold_b3.gif --> shareaware.sh.ohost.de /navi-img mezzogold_b3.gif
2005.02.28 10:56 B C:\apache\htdocs\shareaware\navi-img\mezzogold_b3_over.gif --> shareaware.sh.ohost.de /navi-img mezzogold_b3_over.gif
2005.02.28 10:56 B C:\apache\htdocs\shareaware\navi-img\mezzogold_b4.gif --> shareaware.sh.ohost.de /navi-img mezzogold_b4.gif
2005.02.28 10:56 B C:\apache\htdocs\shareaware\navi-img\mezzogold_b4_over.gif --> shareaware.sh.ohost.de /navi-img mezzogold_b4_over.gif
2005.02.28 10:56 B C:\apache\htdocs\shareaware\navi-img\mezzogold_b5.gif --> shareaware.sh.ohost.de /navi-img mezzogold_b5.gif
2005.02.28 10:56 B C:\apache\htdocs\shareaware\navi-img\mezzogold_b5_over.gif --> shareaware.sh.ohost.de /navi-img mezzogold_b5_over.gif
2005.02.28 10:56 B C:\apache\htdocs\shareaware\navi-img\mezzogold_b6.gif --> shareaware.sh.ohost.de /navi-img mezzogold_b6.gif
2005.02.28 10:56 B C:\apache\htdocs\shareaware\navi-img\mezzogold_b6_over.gif --> shareaware.sh.ohost.de /navi-img mezzogold_b6_over.gif
2005.02.28 10:57 B C:\apache\htdocs\shareaware\navi-img\mezzogold_b7.gif --> shareaware.sh.ohost.de /navi-img mezzogold_b7.gif
2005.02.28 10:57 B C:\apache\htdocs\shareaware\navi-img\mezzogold_b7_over.gif --> shareaware.sh.ohost.de /navi-img mezzogold_b7_over.gif
2005.02.28 10:57 B C:\apache\htdocs\shareaware\navi-img\mezzogold_b8.gif --> shareaware.sh.ohost.de /navi-img mezzogold_b8.gif
2005.02.28 10:57 B C:\apache\htdocs\shareaware\navi-img\mezzogold_b8_over.gif --> shareaware.sh.ohost.de /navi-img mezzogold_b8_over.gif
2005.02.28 10:57 B C:\apache\htdocs\shareaware\navi-img\mezzogold_bottom.gif --> shareaware.sh.ohost.de /navi-img mezzogold_bottom.gif
2005.02.28 10:57 B C:\apache\htdocs\shareaware\navi-img\mezzogold_top.gif --> shareaware.sh.ohost.de /navi-img mezzogold_top.gif
2005.02.28 10:57 B C:\apache\htdocs\shareaware\navi-img\mezzoripple.html --> shareaware.sh.ohost.de /navi-img mezzoripple.html
2005.02.28 10:57 B C:\apache\htdocs\shareaware\navi-img\mezzoripple_b1.gif --> shareaware.sh.ohost.de /navi-img mezzoripple_b1.gif
2005.02.28 10:57 B C:\apache\htdocs\shareaware\navi-img\mezzoripple_b1_over.gif --> shareaware.sh.ohost.de /navi-img mezzoripple_b1_over.gif
2005.02.28 10:57 B C:\apache\htdocs\shareaware\navi-img\mezzoripple_b2.gif --> shareaware.sh.ohost.de /navi-img mezzoripple_b2.gif
2005.02.28 10:57 B C:\apache\htdocs\shareaware\navi-img\mezzoripple_b2_over.gif --> shareaware.sh.ohost.de /navi-img mezzoripple_b2_over.gif
2005.02.28 10:57 B C:\apache\htdocs\shareaware\navi-img\mezzoripple_b3.gif --> shareaware.sh.ohost.de /navi-img mezzoripple_b3.gif
2005.02.28 10:57 B C:\apache\htdocs\shareaware\navi-img\mezzoripple_b3_over.gif --> shareaware.sh.ohost.de /navi-img mezzoripple_b3_over.gif
2005.02.28 10:57 B C:\apache\htdocs\shareaware\navi-img\mezzoripple_b4.gif --> shareaware.sh.ohost.de /navi-img mezzoripple_b4.gif
2005.02.28 10:57 B C:\apache\htdocs\shareaware\navi-img\mezzoripple_b4_over.gif --> shareaware.sh.ohost.de /navi-img mezzoripple_b4_over.gif
2005.02.28 10:57 B C:\apache\htdocs\shareaware\navi-img\mezzoripple_b5.gif --> shareaware.sh.ohost.de /navi-img mezzoripple_b5.gif
2005.02.28 10:57 B C:\apache\htdocs\shareaware\navi-img\mezzoripple_b5_over.gif --> shareaware.sh.ohost.de /navi-img mezzoripple_b5_over.gif
2005.02.28 10:57 B C:\apache\htdocs\shareaware\navi-img\mezzoripple_b6.gif --> shareaware.sh.ohost.de /navi-img mezzoripple_b6.gif
2005.02.28 10:57 B C:\apache\htdocs\shareaware\navi-img\mezzoripple_b6_over.gif --> shareaware.sh.ohost.de /navi-img mezzoripple_b6_over.gif
2005.02.28 10:57 B C:\apache\htdocs\shareaware\navi-img\mezzoripple_b7.gif --> shareaware.sh.ohost.de /navi-img mezzoripple_b7.gif
2005.02.28 10:57 B C:\apache\htdocs\shareaware\navi-img\mezzoripple_b7_over.gif --> shareaware.sh.ohost.de /navi-img mezzoripple_b7_over.gif
2005.02.28 10:57 B C:\apache\htdocs\shareaware\navi-img\mezzoripple_b8.gif --> shareaware.sh.ohost.de /navi-img mezzoripple_b8.gif
2005.02.28 10:57 B C:\apache\htdocs\shareaware\navi-img\mezzoripple_b8_over.gif --> shareaware.sh.ohost.de /navi-img mezzoripple_b8_over.gif
2005.02.28 10:57 B C:\apache\htdocs\shareaware\navi-img\mezzoripple_bottom.gif --> shareaware.sh.ohost.de /navi-img mezzoripple_bottom.gif
2005.02.28 10:57 B C:\apache\htdocs\shareaware\navi-img\mezzoripple_top.gif --> shareaware.sh.ohost.de /navi-img mezzoripple_top.gif
2005.08.08 15:41 B C:\apache\htdocs\shareaware\navi-img\mezzogold.html --> shareaware.sh.funpic.de /navi-img mezzogold.html
2005.08.08 15:41 B C:\apache\htdocs\shareaware\navi-img\mezzogold_b1.gif --> shareaware.sh.funpic.de /navi-img mezzogold_b1.gif
2005.08.08 15:41 B C:\apache\htdocs\shareaware\navi-img\mezzogold_b1_over.gif --> shareaware.sh.funpic.de /navi-img mezzogold_b1_over.gif
2005.08.08 15:41 B C:\apache\htdocs\shareaware\navi-img\mezzogold_b2.gif --> shareaware.sh.funpic.de /navi-img mezzogold_b2.gif
2005.08.08 15:41 B C:\apache\htdocs\shareaware\navi-img\mezzogold_b2_over.gif --> shareaware.sh.funpic.de /navi-img mezzogold_b2_over.gif
2005.08.08 15:41 B C:\apache\htdocs\shareaware\navi-img\mezzogold_b3.gif --> shareaware.sh.funpic.de /navi-img mezzogold_b3.gif
2005.08.08 15:41 B C:\apache\htdocs\shareaware\navi-img\mezzogold_b3_over.gif --> shareaware.sh.funpic.de /navi-img mezzogold_b3_over.gif
2005.08.08 15:41 B C:\apache\htdocs\shareaware\navi-img\mezzogold_b4.gif --> shareaware.sh.funpic.de /navi-img mezzogold_b4.gif
2005.08.08 15:41 B C:\apache\htdocs\shareaware\navi-img\mezzogold_b4_over.gif --> shareaware.sh.funpic.de /navi-img mezzogold_b4_over.gif
2005.08.08 15:41 B C:\apache\htdocs\shareaware\navi-img\mezzogold_b5.gif --> shareaware.sh.funpic.de /navi-img mezzogold_b5.gif
2005.08.08 15:41 B C:\apache\htdocs\shareaware\navi-img\mezzogold_b5_over.gif --> shareaware.sh.funpic.de /navi-img mezzogold_b5_over.gif
2005.08.08 15:41 B C:\apache\htdocs\shareaware\navi-img\mezzogold_b6.gif --> shareaware.sh.funpic.de /navi-img mezzogold_b6.gif
2005.08.08 15:41 B C:\apache\htdocs\shareaware\navi-img\mezzogold_b6_over.gif --> shareaware.sh.funpic.de /navi-img mezzogold_b6_over.gif
2005.08.08 15:41 B C:\apache\htdocs\shareaware\navi-img\mezzogold_b7.gif --> shareaware.sh.funpic.de /navi-img mezzogold_b7.gif
2005.08.08 15:41 B C:\apache\htdocs\shareaware\navi-img\mezzogold_b7_over.gif --> shareaware.sh.funpic.de /navi-img mezzogold_b7_over.gif
2005.08.08 15:41 B C:\apache\htdocs\shareaware\navi-img\mezzogold_b8.gif --> shareaware.sh.funpic.de /navi-img mezzogold_b8.gif
2005.08.08 15:41 B C:\apache\htdocs\shareaware\navi-img\mezzogold_b8_over.gif --> shareaware.sh.funpic.de /navi-img mezzogold_b8_over.gif
2005.08.08 15:41 B C:\apache\htdocs\shareaware\navi-img\mezzogold_bottom.gif --> shareaware.sh.funpic.de /navi-img mezzogold_bottom.gif
2005.08.08 15:41 B C:\apache\htdocs\shareaware\navi-img\mezzogold_top.gif --> shareaware.sh.funpic.de /navi-img mezzogold_top.gif
2005.08.08 15:41 B C:\apache\htdocs\shareaware\navi-img\mezzoripple.html --> shareaware.sh.funpic.de /navi-img mezzoripple.html
2005.08.08 15:41 B C:\apache\htdocs\shareaware\navi-img\mezzoripple_b1.gif --> shareaware.sh.funpic.de /navi-img mezzoripple_b1.gif
2005.08.08 15:41 B C:\apache\htdocs\shareaware\navi-img\mezzoripple_b1_over.gif --> shareaware.sh.funpic.de /navi-img mezzoripple_b1_over.gif
2005.08.08 15:41 B C:\apache\htdocs\shareaware\navi-img\mezzoripple_b2.gif --> shareaware.sh.funpic.de /navi-img mezzoripple_b2.gif
2005.08.08 15:41 B C:\apache\htdocs\shareaware\navi-img\mezzoripple_b2_over.gif --> shareaware.sh.funpic.de /navi-img mezzoripple_b2_over.gif
2005.08.08 15:41 B C:\apache\htdocs\shareaware\navi-img\mezzoripple_b3.gif --> shareaware.sh.funpic.de /navi-img mezzoripple_b3.gif
2005.08.08 15:41 B C:\apache\htdocs\shareaware\navi-img\mezzoripple_b3_over.gif --> shareaware.sh.funpic.de /navi-img mezzoripple_b3_over.gif
2005.08.08 15:41 B C:\apache\htdocs\shareaware\navi-img\mezzoripple_b4.gif --> shareaware.sh.funpic.de /navi-img mezzoripple_b4.gif
2005.08.08 15:41 B C:\apache\htdocs\shareaware\navi-img\mezzoripple_b4_over.gif --> shareaware.sh.funpic.de /navi-img mezzoripple_b4_over.gif
2005.08.08 15:41 B C:\apache\htdocs\shareaware\navi-img\mezzoripple_b5.gif --> shareaware.sh.funpic.de /navi-img mezzoripple_b5.gif
2005.08.08 15:41 B C:\apache\htdocs\shareaware\navi-img\mezzoripple_b5_over.gif --> shareaware.sh.funpic.de /navi-img mezzoripple_b5_over.gif
2005.08.08 15:41 B C:\apache\htdocs\shareaware\navi-img\mezzoripple_b6.gif --> shareaware.sh.funpic.de /navi-img mezzoripple_b6.gif
2005.08.08 15:41 B C:\apache\htdocs\shareaware\navi-img\mezzoripple_b6_over.gif --> shareaware.sh.funpic.de /navi-img mezzoripple_b6_over.gif
2005.08.08 15:41 B C:\apache\htdocs\shareaware\navi-img\mezzoripple_b7.gif --> shareaware.sh.funpic.de /navi-img mezzoripple_b7.gif
2005.08.08 15:41 B C:\apache\htdocs\shareaware\navi-img\mezzoripple_b7_over.gif --> shareaware.sh.funpic.de /navi-img mezzoripple_b7_over.gif
2005.08.08 15:41 B C:\apache\htdocs\shareaware\navi-img\mezzoripple_b8.gif --> shareaware.sh.funpic.de /navi-img mezzoripple_b8.gif
2005.08.08 15:41 B C:\apache\htdocs\shareaware\navi-img\mezzoripple_b8_over.gif --> shareaware.sh.funpic.de /navi-img mezzoripple_b8_over.gif
2005.08.08 15:41 B C:\apache\htdocs\shareaware\navi-img\mezzoripple_bottom.gif --> shareaware.sh.funpic.de /navi-img mezzoripple_bottom.gif
2005.08.08 15:41 B C:\apache\htdocs\shareaware\navi-img\mezzoripple_top.gif --> shareaware.sh.funpic.de /navi-img mezzoripple_top.gif
2005.08.08 15:41 B C:\apache\htdocs\shareaware\navi-img\WS_FTP.LOG --> shareaware.sh.funpic.de /navi-img WS_FTP.LOG
